# JRE version: OpenJDK Runtime Environment (15.0.2+7) (build 15.0.2+7)
# Java VM: OpenJDK 64-Bit Server VM (15.0.2+7, mixed mode, sharing, tiered, compressed oops, g1 gc, bsd-amd64)
GC Precious Log:
 CPUs: 12 total, 12 available
 Memory: 16384M
 Large Page Support: Disabled
 NUMA Support: Disabled
 Compressed Oops: Enabled (Zero based)
 Heap Region Size: 1M
 Heap Min Capacity: 8M
 Heap Initial Capacity: 256M
 Heap Max Capacity: 1G
 Pre-touch: Disabled
 Parallel Workers: 10
 Concurrent Workers: 3
 Concurrent Refinement Workers: 10
 Periodic GC: Disabled
Heap:
 garbage-first heap   total 273408K, used 79303K [0x00000007c0000000, 0x0000000800000000)
  region size 1024K, 1 young (1024K), 0 survivors (0K)
 Metaspace       used 10769K, capacity 12368K, committed 12544K, reserved 1060864K
  class space    used 1581K, capacity 1790K, committed 1792K, reserved 1048576K
GC Heap History (20 events):
Event: 6.623 GC heap before
{Heap before GC invocations=40 (full 6):
 garbage-first heap   total 280576K, used 245356K [0x00000007c0000000, 0x0000000800000000)
  region size 1024K, 163 young (166912K), 1 survivors (1024K)
 Metaspace       used 10763K, capacity 12368K, committed 12544K, reserved 1060864K
  class space    used 1581K, capacity 1790K, committed 1792K, reserved 1048576K
}
Event: 6.624 GC heap after
{Heap after GC invocations=41 (full 6):
 garbage-first heap   total 280576K, used 79340K [0x00000007c0000000, 0x0000000800000000)
  region size 1024K, 1 young (1024K), 1 survivors (1024K)
 Metaspace       used 10763K, capacity 12368K, committed 12544K, reserved 1060864K
  class space    used 1581K, capacity 1790K, committed 1792K, reserved 1048576K
}
Event: 6.827 GC heap before
{Heap before GC invocations=41 (full 6):
 garbage-first heap   total 280576K, used 245228K [0x00000007c0000000, 0x0000000800000000)
  region size 1024K, 163 young (166912K), 1 survivors (1024K)
 Metaspace       used 10763K, capacity 12368K, committed 12544K, reserved 1060864K
  class space    used 1581K, capacity 1790K, committed 1792K, reserved 1048576K
}
Event: 6.827 GC heap after
{Heap after GC invocations=42 (full 6):
 garbage-first heap   total 280576K, used 79329K [0x00000007c0000000, 0x0000000800000000)
  region size 1024K, 1 young (1024K), 1 survivors (1024K)
 Metaspace       used 10763K, capacity 12368K, committed 12544K, reserved 1060864K
  class space    used 1581K, capacity 1790K, committed 1792K, reserved 1048576K
}
Event: 7.026 GC heap before
{Heap before GC invocations=42 (full 6):
 garbage-first heap   total 280576K, used 245217K [0x00000007c0000000, 0x0000000800000000)
  region size 1024K, 163 young (166912K), 1 survivors (1024K)
 Metaspace       used 10768K, capacity 12368K, committed 12544K, reserved 1060864K
  class space    used 1581K, capacity 1790K, committed 1792K, reserved 1048576K
}
Event: 7.027 GC heap after
{Heap after GC invocations=43 (full 6):
 garbage-first heap   total 280576K, used 79331K [0x00000007c0000000, 0x0000000800000000)
  region size 1024K, 1 young (1024K), 1 survivors (1024K)
 Metaspace       used 10768K, capacity 12368K, committed 12544K, reserved 1060864K
  class space    used 1581K, capacity 1790K, committed 1792K, reserved 1048576K
}
Event: 7.201 GC heap before
{Heap before GC invocations=43 (full 6):
 garbage-first heap   total 280576K, used 245219K [0x00000007c0000000, 0x0000000800000000)
  region size 1024K, 163 young (166912K), 1 survivors (1024K)
 Metaspace       used 10768K, capacity 12368K, committed 12544K, reserved 1060864K
  class space    used 1581K, capacity 1790K, committed 1792K, reserved 1048576K
}
Event: 7.202 GC heap after
{Heap after GC invocations=44 (full 6):
 garbage-first heap   total 280576K, used 79335K [0x00000007c0000000, 0x0000000800000000)
  region size 1024K, 1 young (1024K), 1 survivors (1024K)
 Metaspace       used 10768K, capacity 12368K, committed 12544K, reserved 1060864K
  class space    used 1581K, capacity 1790K, committed 1792K, reserved 1048576K
}
Event: 7.465 GC heap before
{Heap before GC invocations=44 (full 6):
 garbage-first heap   total 280576K, used 245223K [0x00000007c0000000, 0x0000000800000000)
  region size 1024K, 163 young (166912K), 1 survivors (1024K)
 Metaspace       used 10769K, capacity 12368K, committed 12544K, reserved 1060864K
  class space    used 1581K, capacity 1790K, committed 1792K, reserved 1048576K
}
Event: 7.465 GC heap after
{Heap after GC invocations=45 (full 6):
 garbage-first heap   total 280576K, used 79328K [0x00000007c0000000, 0x0000000800000000)
  region size 1024K, 1 young (1024K), 1 survivors (1024K)
 Metaspace       used 10769K, capacity 12368K, committed 12544K, reserved 1060864K
  class space    used 1581K, capacity 1790K, committed 1792K, reserved 1048576K
}
Event: 7.688 GC heap before
{Heap before GC invocations=45 (full 6):
 garbage-first heap   total 280576K, used 245216K [0x00000007c0000000, 0x0000000800000000)
  region size 1024K, 163 young (166912K), 1 survivors (1024K)
 Metaspace       used 10769K, capacity 12368K, committed 12544K, reserved 1060864K
  class space    used 1581K, capacity 1790K, committed 1792K, reserved 1048576K
}
Event: 7.689 GC heap after
{Heap after GC invocations=46 (full 6):
 garbage-first heap   total 280576K, used 79395K [0x00000007c0000000, 0x0000000800000000)
  region size 1024K, 1 young (1024K), 1 survivors (1024K)
 Metaspace       used 10769K, capacity 12368K, committed 12544K, reserved 1060864K
  class space    used 1581K, capacity 1790K, committed 1792K, reserved 1048576K
}
Event: 7.916 GC heap before
{Heap before GC invocations=46 (full 6):
 garbage-first heap   total 280576K, used 245283K [0x00000007c0000000, 0x0000000800000000)
  region size 1024K, 163 young (166912K), 1 survivors (1024K)
 Metaspace       used 10769K, capacity 12368K, committed 12544K, reserved 1060864K
  class space    used 1581K, capacity 1790K, committed 1792K, reserved 1048576K
}
Event: 7.917 GC heap after
{Heap after GC invocations=47 (full 6):
 garbage-first heap   total 280576K, used 79400K [0x00000007c0000000, 0x0000000800000000)
  region size 1024K, 1 young (1024K), 1 survivors (1024K)
 Metaspace       used 10769K, capacity 12368K, committed 12544K, reserved 1060864K
  class space    used 1581K, capacity 1790K, committed 1792K, reserved 1048576K
}
Event: 8.119 GC heap before
{Heap before GC invocations=47 (full 6):
 garbage-first heap   total 280576K, used 244264K [0x00000007c0000000, 0x0000000800000000)
  region size 1024K, 162 young (165888K), 1 survivors (1024K)
 Metaspace       used 10769K, capacity 12368K, committed 12544K, reserved 1060864K
  class space    used 1581K, capacity 1790K, committed 1792K, reserved 1048576K
}
Event: 8.120 GC heap after
{Heap after GC invocations=48 (full 6):
 garbage-first heap   total 280576K, used 79378K [0x00000007c0000000, 0x0000000800000000)
  region size 1024K, 1 young (1024K), 1 survivors (1024K)
 Metaspace       used 10769K, capacity 12368K, committed 12544K, reserved 1060864K
  class space    used 1581K, capacity 1790K, committed 1792K, reserved 1048576K
}
Event: 8.332 GC heap before
{Heap before GC invocations=48 (full 6):
 garbage-first heap   total 280576K, used 244242K [0x00000007c0000000, 0x0000000800000000)
  region size 1024K, 162 young (165888K), 1 survivors (1024K)
 Metaspace       used 10769K, capacity 12368K, committed 12544K, reserved 1060864K
  class space    used 1581K, capacity 1790K, committed 1792K, reserved 1048576K
}
Event: 8.333 GC heap after
{Heap after GC invocations=49 (full 6):
 garbage-first heap   total 280576K, used 79357K [0x00000007c0000000, 0x0000000800000000)
  region size 1024K, 1 young (1024K), 1 survivors (1024K)
 Metaspace       used 10769K, capacity 12368K, committed 12544K, reserved 1060864K
  class space    used 1581K, capacity 1790K, committed 1792K, reserved 1048576K
}
Event: 67.028 GC heap before
{Heap before GC invocations=49 (full 6):
 garbage-first heap   total 280576K, used 170493K [0x00000007c0000000, 0x0000000800000000)
  region size 1024K, 91 young (93184K), 1 survivors (1024K)
 Metaspace       used 10769K, capacity 12368K, committed 12544K, reserved 1060864K
  class space    used 1581K, capacity 1790K, committed 1792K, reserved 1048576K
}
Event: 67.080 GC heap after
{Heap after GC invocations=50 (full 7):
 garbage-first heap   total 273408K, used 79303K [0x00000007c0000000, 0x0000000800000000)
  region size 1024K, 0 young (0K), 0 survivors (0K)
 Metaspace       used 10769K, capacity 12368K, committed 12544K, reserved 1060864K
  class space    used 1581K, capacity 1790K, committed 1792K, reserved 1048576K
}

